<?xml version="1.0" encoding="UTF-8"?>
<testsuite xmlns:xsi="http://www.w3.org/2001/XMLSchema-instance" xsi:noNamespaceSchemaLocation="https://maven.apache.org/surefire/maven-surefire-plugin/xsd/surefire-test-report-3.0.xsd" version="3.0" name="com.aula.models.ArvoreTest" time="0.089" tests="4" errors="0" skipped="0" failures="0">
  <properties>
[...]
</properties>
  <testcase name="testToString" classname="com.aula.models.ArvoreTest" time="0.04"/>
  <testcase name="testContarNos" classname="com.aula.models.ArvoreTest" time="0.002"/>
  <testcase name="testPertence" classname="com.aula.models.ArvoreTest" time="0.002"/>
  <testcase name="testPertence_expectFalse" classname="com.aula.models.ArvoreTest" time="0.001"/>
</testsuite>